2025-12-15 12:15:55 [error] TypeError: Invalid URL
    at new URL (node:internal/url:797:36)
    at dispatchHttpRequest (C:\Users\jcbotero\Documents\Emtelco-uniphore coflow\my-express-api\node_modules\axios\dist\node\axios.cjs:3108:20)
    at C:\Users\jcbotero\Documents\Emtelco-uniphore coflow\my-express-api\node_modules\axios\dist\node\axios.cjs:2949:5
    at new Promise (<anonymous>)
    at wrapAsync (C:\Users\jcbotero\Documents\Emtelco-uniphore coflow\my-express-api\node_modules\axios\dist\node\axios.cjs:2929:10)
    at http (C:\Users\jcbotero\Documents\Emtelco-uniphore coflow\my-express-api\node_modules\axios\dist\node\axios.cjs:3014:10)
    at Axios.dispatchRequest (C:\Users\jcbotero\Documents\Emtelco-uniphore coflow\my-express-api\node_modules\axios\dist\node\axios.cjs:4571:10)
    at Axios._request (C:\Users\jcbotero\Documents\Emtelco-uniphore coflow\my-express-api\node_modules\axios\dist\node\axios.cjs:4869:33)
    at Axios.request (C:\Users\jcbotero\Documents\Emtelco-uniphore coflow\my-express-api\node_modules\axios\dist\node\axios.cjs:4726:25)
    at Axios.httpMethod [as post] (C:\Users\jcbotero\Documents\Emtelco-uniphore coflow\my-express-api\node_modules\axios\dist\node\axios.cjs:4908:19)
    at Axios.request (C:\Users\jcbotero\Documents\Emtelco-uniphore coflow\my-express-api\node_modules\axios\dist\node\axios.cjs:4731:41)
    at process.processTicksAndRejections (node:internal/process/task_queues:95:5)
    at async getOfferInfo (C:\Users\jcbotero\Documents\Emtelco-uniphore coflow\my-express-api\src\services\getOffer.js:32:24)
    at async getUserInfo (C:\Users\jcbotero\Documents\Emtelco-uniphore coflow\my-express-api\src\controllers\index.js:20:21)
2026-01-20 16:05:41 [error] TypeError: Cannot read properties of undefined (reading '0')
    at formatValueDicts (C:\Users\jcbotero\Documents\Emtelco-uniphore coflow\my-express-api\src\utilities\sortPlanDetails.js:2:57)
    at getOfferMatrixData (C:\Users\jcbotero\Documents\Emtelco-uniphore coflow\my-express-api\src\services\getOfferMatrixData.js:31:23)
    at process.processTicksAndRejections (node:internal/process/task_queues:95:5)
    at async getUserInfo (C:\Users\jcbotero\Documents\Emtelco-uniphore coflow\my-express-api\src\controllers\index.js:72:22)
2026-01-20 16:06:08 [error] TypeError: Cannot read properties of undefined (reading '0')
    at formatValueDicts (C:\Users\jcbotero\Documents\Emtelco-uniphore coflow\my-express-api\src\utilities\sortPlanDetails.js:2:57)
    at getOfferMatrixData (C:\Users\jcbotero\Documents\Emtelco-uniphore coflow\my-express-api\src\services\getOfferMatrixData.js:31:23)
    at process.processTicksAndRejections (node:internal/process/task_queues:95:5)
    at async getUserInfo (C:\Users\jcbotero\Documents\Emtelco-uniphore coflow\my-express-api\src\controllers\index.js:73:22)
2026-01-20 16:08:31 [error] TypeError: Cannot read properties of undefined (reading 'D0')
    at formatValueDicts (C:\Users\jcbotero\Documents\Emtelco-uniphore coflow\my-express-api\src\utilities\sortPlanDetails.js:4:17)
    at getOfferMatrixData (C:\Users\jcbotero\Documents\Emtelco-uniphore coflow\my-express-api\src\services\getOfferMatrixData.js:31:23)
    at process.processTicksAndRejections (node:internal/process/task_queues:95:5)
    at async getUserInfo (C:\Users\jcbotero\Documents\Emtelco-uniphore coflow\my-express-api\src\controllers\index.js:73:22)
2026-01-20 16:09:27 [error] TypeError: Cannot read properties of undefined (reading 'D0')
    at formatValueDicts (C:\Users\jcbotero\Documents\Emtelco-uniphore coflow\my-express-api\src\utilities\sortPlanDetails.js:4:17)
    at getOfferMatrixData (C:\Users\jcbotero\Documents\Emtelco-uniphore coflow\my-express-api\src\services\getOfferMatrixData.js:31:23)
    at process.processTicksAndRejections (node:internal/process/task_queues:95:5)
    at async getUserInfo (C:\Users\jcbotero\Documents\Emtelco-uniphore coflow\my-express-api\src\controllers\index.js:73:22)
2026-01-20 16:09:50 [error] TypeError: Cannot read properties of undefined (reading 'D0')
    at formatValueDicts (C:\Users\jcbotero\Documents\Emtelco-uniphore coflow\my-express-api\src\utilities\sortPlanDetails.js:4:17)
    at getOfferMatrixData (C:\Users\jcbotero\Documents\Emtelco-uniphore coflow\my-express-api\src\services\getOfferMatrixData.js:31:23)
    at process.processTicksAndRejections (node:internal/process/task_queues:95:5)
    at async getUserInfo (C:\Users\jcbotero\Documents\Emtelco-uniphore coflow\my-express-api\src\controllers\index.js:73:22)
2026-01-20 16:10:22 [error] TypeError: Cannot read properties of undefined (reading 'D0')
    at formatValueDicts (C:\Users\jcbotero\Documents\Emtelco-uniphore coflow\my-express-api\src\utilities\sortPlanDetails.js:4:17)
    at getOfferMatrixData (C:\Users\jcbotero\Documents\Emtelco-uniphore coflow\my-express-api\src\services\getOfferMatrixData.js:31:23)
    at process.processTicksAndRejections (node:internal/process/task_queues:95:5)
    at async getUserInfo (C:\Users\jcbotero\Documents\Emtelco-uniphore coflow\my-express-api\src\controllers\index.js:73:22)
2026-01-20 16:10:49 [error] TypeError: Cannot read properties of undefined (reading 'D0')
    at formatValueDicts (C:\Users\jcbotero\Documents\Emtelco-uniphore coflow\my-express-api\src\utilities\sortPlanDetails.js:4:17)
    at getOfferMatrixData (C:\Users\jcbotero\Documents\Emtelco-uniphore coflow\my-express-api\src\services\getOfferMatrixData.js:31:23)
    at process.processTicksAndRejections (node:internal/process/task_queues:95:5)
    at async getUserInfo (C:\Users\jcbotero\Documents\Emtelco-uniphore coflow\my-express-api\src\controllers\index.js:73:22)
2026-01-20 16:16:17 [error] TypeError: Cannot read properties of undefined (reading 'D0')
    at formatValueDicts (C:\Users\jcbotero\Documents\Emtelco-uniphore coflow\my-express-api\src\utilities\sortPlanDetails.js:4:17)
    at getOfferMatrixData (C:\Users\jcbotero\Documents\Emtelco-uniphore coflow\my-express-api\src\services\getOfferMatrixData.js:31:23)
    at process.processTicksAndRejections (node:internal/process/task_queues:95:5)
    at async getUserInfo (C:\Users\jcbotero\Documents\Emtelco-uniphore coflow\my-express-api\src\controllers\index.js:73:22)
2026-01-20 16:17:17 [error] TypeError: Cannot read properties of undefined (reading 'D0')
    at formatValueDicts (C:\Users\jcbotero\Documents\Emtelco-uniphore coflow\my-express-api\src\utilities\sortPlanDetails.js:4:17)
    at getOfferMatrixData (C:\Users\jcbotero\Documents\Emtelco-uniphore coflow\my-express-api\src\services\getOfferMatrixData.js:31:23)
    at process.processTicksAndRejections (node:internal/process/task_queues:95:5)
    at async getUserInfo (C:\Users\jcbotero\Documents\Emtelco-uniphore coflow\my-express-api\src\controllers\index.js:73:22)
2026-01-20 16:17:49 [error] TypeError: Cannot read properties of undefined (reading 'D0')
    at formatValueDicts (C:\Users\jcbotero\Documents\Emtelco-uniphore coflow\my-express-api\src\utilities\sortPlanDetails.js:4:17)
    at getOfferMatrixData (C:\Users\jcbotero\Documents\Emtelco-uniphore coflow\my-express-api\src\services\getOfferMatrixData.js:31:23)
    at process.processTicksAndRejections (node:internal/process/task_queues:95:5)
    at async getUserInfo (C:\Users\jcbotero\Documents\Emtelco-uniphore coflow\my-express-api\src\controllers\index.js:73:22)
2026-01-20 16:21:45 [error] TypeError: Cannot read properties of undefined (reading 'D0')
    at formatValueDicts (C:\Users\jcbotero\Documents\Emtelco-uniphore coflow\my-express-api\src\utilities\sortPlanDetails.js:4:17)
    at getOfferMatrixData (C:\Users\jcbotero\Documents\Emtelco-uniphore coflow\my-express-api\src\services\getOfferMatrixData.js:31:23)
    at process.processTicksAndRejections (node:internal/process/task_queues:95:5)
    at async getUserInfo (C:\Users\jcbotero\Documents\Emtelco-uniphore coflow\my-express-api\src\controllers\index.js:73:22)
2026-01-20 16:23:18 [error] TypeError: Cannot read properties of undefined (reading 'D0')
    at formatValueDicts (C:\Users\jcbotero\Documents\Emtelco-uniphore coflow\my-express-api\src\utilities\sortPlanDetails.js:4:17)
    at getOfferMatrixData (C:\Users\jcbotero\Documents\Emtelco-uniphore coflow\my-express-api\src\services\getOfferMatrixData.js:31:23)
    at process.processTicksAndRejections (node:internal/process/task_queues:95:5)
    at async getUserInfo (C:\Users\jcbotero\Documents\Emtelco-uniphore coflow\my-express-api\src\controllers\index.js:73:22)
2026-01-20 16:23:49 [error] TypeError: Cannot read properties of undefined (reading 'D0')
    at formatValueDicts (C:\Users\jcbotero\Documents\Emtelco-uniphore coflow\my-express-api\src\utilities\sortPlanDetails.js:4:17)
    at getOfferMatrixData (C:\Users\jcbotero\Documents\Emtelco-uniphore coflow\my-express-api\src\services\getOfferMatrixData.js:31:23)
    at process.processTicksAndRejections (node:internal/process/task_queues:95:5)
    at async getUserInfo (C:\Users\jcbotero\Documents\Emtelco-uniphore coflow\my-express-api\src\controllers\index.js:73:22)
2026-01-20 16:26:46 [error] TypeError: Cannot read properties of undefined (reading 'D0')
    at formatValueDicts (C:\Users\jcbotero\Documents\Emtelco-uniphore coflow\my-express-api\src\utilities\sortPlanDetails.js:4:17)
    at getOfferMatrixData (C:\Users\jcbotero\Documents\Emtelco-uniphore coflow\my-express-api\src\services\getOfferMatrixData.js:31:23)
    at process.processTicksAndRejections (node:internal/process/task_queues:95:5)
    at async getUserInfo (C:\Users\jcbotero\Documents\Emtelco-uniphore coflow\my-express-api\src\controllers\index.js:73:22)
2026-01-20 16:27:08 [error] TypeError: Cannot read properties of undefined (reading 'D0')
    at formatValueDicts (C:\Users\jcbotero\Documents\Emtelco-uniphore coflow\my-express-api\src\utilities\sortPlanDetails.js:4:17)
    at getOfferMatrixData (C:\Users\jcbotero\Documents\Emtelco-uniphore coflow\my-express-api\src\services\getOfferMatrixData.js:31:23)
    at process.processTicksAndRejections (node:internal/process/task_queues:95:5)
    at async getUserInfo (C:\Users\jcbotero\Documents\Emtelco-uniphore coflow\my-express-api\src\controllers\index.js:73:22)
2026-01-21 13:51:36 [error] TypeError: Cannot read properties of undefined (reading 'D0')
    at formatValueDicts (C:\Users\jcbotero\Documents\Emtelco-uniphore coflow\my-express-api\src\utilities\sortPlanDetails.js:4:17)
    at getOfferMatrixData (C:\Users\jcbotero\Documents\Emtelco-uniphore coflow\my-express-api\src\services\getOfferMatrixData.js:29:23)
    at process.processTicksAndRejections (node:internal/process/task_queues:95:5)
    at async getUserInfo (C:\Users\jcbotero\Documents\Emtelco-uniphore coflow\my-express-api\src\controllers\index.js:73:22)
2026-01-21 13:55:03 [error] TypeError: Cannot read properties of undefined (reading 'D0')
    at formatValueDicts (C:\Users\jcbotero\Documents\Emtelco-uniphore coflow\my-express-api\src\utilities\sortPlanDetails.js:4:17)
    at getOfferMatrixData (C:\Users\jcbotero\Documents\Emtelco-uniphore coflow\my-express-api\src\services\getOfferMatrixData.js:29:23)
    at process.processTicksAndRejections (node:internal/process/task_queues:95:5)
    at async getUserInfo (C:\Users\jcbotero\Documents\Emtelco-uniphore coflow\my-express-api\src\controllers\index.js:73:22)
2026-01-21 14:00:10 [error] TypeError: Cannot read properties of undefined (reading 'D0')
    at formatValueDicts (C:\Users\jcbotero\Documents\Emtelco-uniphore coflow\my-express-api\src\utilities\sortPlanDetails.js:4:17)
    at getOfferMatrixData (C:\Users\jcbotero\Documents\Emtelco-uniphore coflow\my-express-api\src\services\getOfferMatrixData.js:29:23)
    at process.processTicksAndRejections (node:internal/process/task_queues:95:5)
    at async getUserInfo (C:\Users\jcbotero\Documents\Emtelco-uniphore coflow\my-express-api\src\controllers\index.js:73:22)
2026-01-22 09:27:47 [error] ❌ Falló getOfferMatrixData() planPowerBI is not defined
2026-01-22 09:28:24 [error] TypeError: Cannot read properties of undefined (reading 'D0')
    at formatValueDicts (C:\Users\jcbotero\Documents\Emtelco-uniphore coflow\my-express-api\src\utilities\sortPlanDetails.js:4:17)
    at getOfferMatrixData (C:\Users\jcbotero\Documents\Emtelco-uniphore coflow\my-express-api\src\services\getOfferMatrixData.js:29:23)
    at process.processTicksAndRejections (node:internal/process/task_queues:95:5)
    at async getUserInfo (C:\Users\jcbotero\Documents\Emtelco-uniphore coflow\my-express-api\src\controllers\index.js:71:22)
2026-01-22 09:28:36 [error] TypeError: Cannot read properties of undefined (reading 'D0')
    at formatValueDicts (C:\Users\jcbotero\Documents\Emtelco-uniphore coflow\my-express-api\src\utilities\sortPlanDetails.js:4:17)
    at getOfferMatrixData (C:\Users\jcbotero\Documents\Emtelco-uniphore coflow\my-express-api\src\services\getOfferMatrixData.js:29:23)
    at process.processTicksAndRejections (node:internal/process/task_queues:95:5)
    at async getUserInfo (C:\Users\jcbotero\Documents\Emtelco-uniphore coflow\my-express-api\src\controllers\index.js:72:22)
2026-01-22 09:29:12 [error] TypeError: Cannot read properties of undefined (reading 'D0')
    at formatValueDicts (C:\Users\jcbotero\Documents\Emtelco-uniphore coflow\my-express-api\src\utilities\sortPlanDetails.js:4:17)
    at getOfferMatrixData (C:\Users\jcbotero\Documents\Emtelco-uniphore coflow\my-express-api\src\services\getOfferMatrixData.js:29:23)
    at process.processTicksAndRejections (node:internal/process/task_queues:95:5)
    at async getUserInfo (C:\Users\jcbotero\Documents\Emtelco-uniphore coflow\my-express-api\src\controllers\index.js:72:22)
2026-01-22 09:29:35 [error] TypeError: Cannot read properties of undefined (reading 'D0')
    at formatValueDicts (C:\Users\jcbotero\Documents\Emtelco-uniphore coflow\my-express-api\src\utilities\sortPlanDetails.js:4:17)
    at getOfferMatrixData (C:\Users\jcbotero\Documents\Emtelco-uniphore coflow\my-express-api\src\services\getOfferMatrixData.js:29:23)
    at process.processTicksAndRejections (node:internal/process/task_queues:95:5)
    at async getUserInfo (C:\Users\jcbotero\Documents\Emtelco-uniphore coflow\my-express-api\src\controllers\index.js:72:22)
2026-01-22 09:33:03 [error] ❌ Falló getOfferMatrixData() Cannot read properties of null (reading 'planPowerBI')
2026-01-22 09:33:37 [error] ❌ Falló getOfferMatrixData() Cannot read properties of null (reading 'planPowerBI')
2026-01-22 09:37:36 [error] ❌ Falló getOfferMatrixData() plan is not defined
2026-01-22 09:37:57 [error] ❌ Falló getOfferMatrixData() plan is not defined
2026-01-22 09:38:40 [error] TypeError: Cannot read properties of undefined (reading 'D0')
    at formatValueDicts (C:\Users\jcbotero\Documents\Emtelco-uniphore coflow\my-express-api\src\utilities\sortPlanDetails.js:4:17)
    at getOfferMatrixData (C:\Users\jcbotero\Documents\Emtelco-uniphore coflow\my-express-api\src\services\getOfferMatrixData.js:29:23)
    at process.processTicksAndRejections (node:internal/process/task_queues:95:5)
    at async getUserInfo (C:\Users\jcbotero\Documents\Emtelco-uniphore coflow\my-express-api\src\controllers\index.js:72:22)
2026-01-22 09:39:10 [error] TypeError: Cannot read properties of undefined (reading 'D0')
    at formatValueDicts (C:\Users\jcbotero\Documents\Emtelco-uniphore coflow\my-express-api\src\utilities\sortPlanDetails.js:4:17)
    at getOfferMatrixData (C:\Users\jcbotero\Documents\Emtelco-uniphore coflow\my-express-api\src\services\getOfferMatrixData.js:29:23)
    at process.processTicksAndRejections (node:internal/process/task_queues:95:5)
    at async getUserInfo (C:\Users\jcbotero\Documents\Emtelco-uniphore coflow\my-express-api\src\controllers\index.js:72:22)
2026-01-22 09:51:40 [error] TypeError: Cannot read properties of undefined (reading 'D0')
    at formatValueDicts (C:\Users\jcbotero\Documents\Emtelco-uniphore coflow\my-express-api\src\utilities\sortPlanDetails.js:4:17)
    at getOfferMatrixData (C:\Users\jcbotero\Documents\Emtelco-uniphore coflow\my-express-api\src\services\getOfferMatrixData.js:29:23)
    at process.processTicksAndRejections (node:internal/process/task_queues:95:5)
    at async getUserInfo (C:\Users\jcbotero\Documents\Emtelco-uniphore coflow\my-express-api\src\controllers\index.js:72:22)
2026-01-22 09:52:55 [error] TypeError: Cannot read properties of undefined (reading 'D0')
    at formatValueDicts (C:\Users\jcbotero\Documents\Emtelco-uniphore coflow\my-express-api\src\utilities\sortPlanDetails.js:4:17)
    at getOfferMatrixData (C:\Users\jcbotero\Documents\Emtelco-uniphore coflow\my-express-api\src\services\getOfferMatrixData.js:29:23)
    at process.processTicksAndRejections (node:internal/process/task_queues:95:5)
    at async getUserInfo (C:\Users\jcbotero\Documents\Emtelco-uniphore coflow\my-express-api\src\controllers\index.js:72:22)
2026-01-22 09:56:19 [error] TypeError: Cannot read properties of undefined (reading 'D0')
    at formatValueDicts (C:\Users\jcbotero\Documents\Emtelco-uniphore coflow\my-express-api\src\utilities\sortPlanDetails.js:4:17)
    at getOfferMatrixData (C:\Users\jcbotero\Documents\Emtelco-uniphore coflow\my-express-api\src\services\getOfferMatrixData.js:29:23)
    at process.processTicksAndRejections (node:internal/process/task_queues:95:5)
    at async getUserInfo (C:\Users\jcbotero\Documents\Emtelco-uniphore coflow\my-express-api\src\controllers\index.js:72:22)
2026-01-22 09:58:19 [error] TypeError: Cannot read properties of undefined (reading 'D0')
    at formatValueDicts (C:\Users\jcbotero\Documents\Emtelco-uniphore coflow\my-express-api\src\utilities\sortPlanDetails.js:4:17)
    at getOfferMatrixData (C:\Users\jcbotero\Documents\Emtelco-uniphore coflow\my-express-api\src\services\getOfferMatrixData.js:29:23)
    at process.processTicksAndRejections (node:internal/process/task_queues:95:5)
    at async getUserInfo (C:\Users\jcbotero\Documents\Emtelco-uniphore coflow\my-express-api\src\controllers\index.js:72:22)
2026-01-29 15:21:28 [error] ReferenceError: response is not defined
    at getFullTigoData (C:\Users\jcbotero\Documents\Emtelco-uniphore coflow\my-express-api\src\services\getFullTigoMessage.js:42:7)
    at process.processTicksAndRejections (node:internal/process/task_queues:95:5)
    at async getUserInfo (C:\Users\jcbotero\Documents\Emtelco-uniphore coflow\my-express-api\src\controllers\index.js:20:29)
2026-01-29 16:00:34 [error] ReferenceError: fullTigoMatrizMessage is not defined
    at getFullTigoDatMatrizData (C:\Users\jcbotero\Documents\Emtelco-uniphore coflow\my-express-api\src\services\getFullTigoMatriz.js:22:35)
    at process.processTicksAndRejections (node:internal/process/task_queues:95:5)
    at async getUserInfo (C:\Users\jcbotero\Documents\Emtelco-uniphore coflow\my-express-api\src\controllers\index.js:22:37)
2026-01-29 16:07:19 [error] ReferenceError: alertMessage is not defined
    at getFullTigoDatMatrizData (C:\Users\jcbotero\Documents\Emtelco-uniphore coflow\my-express-api\src\services\getFullTigoMatriz.js:56:16)
    at process.processTicksAndRejections (node:internal/process/task_queues:95:5)
    at async getUserInfo (C:\Users\jcbotero\Documents\Emtelco-uniphore coflow\my-express-api\src\controllers\index.js:22:37)
2026-01-29 16:43:21 [error] ReferenceError: w is not defined
    at getFullTigoDatMatrizData (C:\Users\jcbotero\Documents\Emtelco-uniphore coflow\my-express-api\src\services\getFullTigoMatriz.js:37:5)
    at process.processTicksAndRejections (node:internal/process/task_queues:95:5)
    at async getUserInfo (C:\Users\jcbotero\Documents\Emtelco-uniphore coflow\my-express-api\src\controllers\index.js:22:37)
2026-01-29 17:30:39 [error] TypeError: Cannot read properties of undefined (reading 'G0')
    at getFullTigoData (C:\Users\jcbotero\Documents\Emtelco-uniphore coflow\my-express-api\src\services\getFullTigoMessage.js:45:74)
    at process.processTicksAndRejections (node:internal/process/task_queues:95:5)
    at async getUserInfo (C:\Users\jcbotero\Documents\Emtelco-uniphore coflow\my-express-api\src\controllers\index.js:21:31)
2026-01-29 17:30:45 [error] TypeError: Cannot read properties of undefined (reading 'G0')
    at getFullTigoData (C:\Users\jcbotero\Documents\Emtelco-uniphore coflow\my-express-api\src\services\getFullTigoMessage.js:45:74)
    at process.processTicksAndRejections (node:internal/process/task_queues:95:5)
    at async getUserInfo (C:\Users\jcbotero\Documents\Emtelco-uniphore coflow\my-express-api\src\controllers\index.js:21:31)
2026-01-29 17:31:49 [error] TypeError: Cannot read properties of undefined (reading 'G0')
    at getFullTigoData (C:\Users\jcbotero\Documents\Emtelco-uniphore coflow\my-express-api\src\services\getFullTigoMessage.js:45:74)
    at process.processTicksAndRejections (node:internal/process/task_queues:95:5)
    at async getUserInfo (C:\Users\jcbotero\Documents\Emtelco-uniphore coflow\my-express-api\src\controllers\index.js:21:31)
2026-02-10 14:52:07 [error] 🔥 ERROR crítico en /userinfo
2026-02-10 14:52:52 [error] 🔥 ERROR crítico en /userinfo
2026-02-10 14:53:09 [error] 🔥 ERROR crítico en /userinfo
2026-02-12 11:58:57 [error] TypeError: columna3.endsWith is not a function
    at resolverPlan (C:\Users\jcbotero\Documents\Emtelco-uniphore coflow\my-express-api\src\utilities\planNameID.js:4:25)
    at getExcelData (C:\Users\jcbotero\Documents\Emtelco-uniphore coflow\my-express-api\src\services\getExcelData.js:15:22)
    at getMatrix (C:\Users\jcbotero\Documents\Emtelco-uniphore coflow\my-express-api\src\controllers\index.js:173:7)
    at Layer.handle [as handle_request] (C:\Users\jcbotero\Documents\Emtelco-uniphore coflow\my-express-api\node_modules\express\lib\router\layer.js:95:5)
    at next (C:\Users\jcbotero\Documents\Emtelco-uniphore coflow\my-express-api\node_modules\express\lib\router\route.js:149:13)
    at Route.dispatch (C:\Users\jcbotero\Documents\Emtelco-uniphore coflow\my-express-api\node_modules\express\lib\router\route.js:119:3)
    at Layer.handle [as handle_request] (C:\Users\jcbotero\Documents\Emtelco-uniphore coflow\my-express-api\node_modules\express\lib\router\layer.js:95:5)
    at C:\Users\jcbotero\Documents\Emtelco-uniphore coflow\my-express-api\node_modules\express\lib\router\index.js:284:15
    at Function.process_params (C:\Users\jcbotero\Documents\Emtelco-uniphore coflow\my-express-api\node_modules\express\lib\router\index.js:346:12)
    at next (C:\Users\jcbotero\Documents\Emtelco-uniphore coflow\my-express-api\node_modules\express\lib\router\index.js:280:10)
2026-02-12 12:04:21 [error] TypeError: tables.reventa.find is not a function
    at getExcelData (C:\Users\jcbotero\Documents\Emtelco-uniphore coflow\my-express-api\src\services\getExcelData.js:16:40)
    at getMatrix (C:\Users\jcbotero\Documents\Emtelco-uniphore coflow\my-express-api\src\controllers\index.js:172:7)
    at Layer.handle [as handle_request] (C:\Users\jcbotero\Documents\Emtelco-uniphore coflow\my-express-api\node_modules\express\lib\router\layer.js:95:5)
    at next (C:\Users\jcbotero\Documents\Emtelco-uniphore coflow\my-express-api\node_modules\express\lib\router\route.js:149:13)
    at Route.dispatch (C:\Users\jcbotero\Documents\Emtelco-uniphore coflow\my-express-api\node_modules\express\lib\router\route.js:119:3)
    at Layer.handle [as handle_request] (C:\Users\jcbotero\Documents\Emtelco-uniphore coflow\my-express-api\node_modules\express\lib\router\layer.js:95:5)
    at C:\Users\jcbotero\Documents\Emtelco-uniphore coflow\my-express-api\node_modules\express\lib\router\index.js:284:15
    at Function.process_params (C:\Users\jcbotero\Documents\Emtelco-uniphore coflow\my-express-api\node_modules\express\lib\router\index.js:346:12)
    at next (C:\Users\jcbotero\Documents\Emtelco-uniphore coflow\my-express-api\node_modules\express\lib\router\index.js:280:10)
    at Function.handle (C:\Users\jcbotero\Documents\Emtelco-uniphore coflow\my-express-api\node_modules\express\lib\router\index.js:175:3)
2026-02-12 14:21:21 [error] TypeError: Cannot read properties of undefined (reading 'BA+Movil')
    at getExcelData (C:\Users\jcbotero\Documents\Emtelco-uniphore coflow\my-express-api\src\services\getExcelData.js:22:39)
    at getMatrix (C:\Users\jcbotero\Documents\Emtelco-uniphore coflow\my-express-api\src\controllers\index.js:172:7)
    at Layer.handle [as handle_request] (C:\Users\jcbotero\Documents\Emtelco-uniphore coflow\my-express-api\node_modules\express\lib\router\layer.js:95:5)
    at next (C:\Users\jcbotero\Documents\Emtelco-uniphore coflow\my-express-api\node_modules\express\lib\router\route.js:149:13)
    at Route.dispatch (C:\Users\jcbotero\Documents\Emtelco-uniphore coflow\my-express-api\node_modules\express\lib\router\route.js:119:3)
    at Layer.handle [as handle_request] (C:\Users\jcbotero\Documents\Emtelco-uniphore coflow\my-express-api\node_modules\express\lib\router\layer.js:95:5)
    at C:\Users\jcbotero\Documents\Emtelco-uniphore coflow\my-express-api\node_modules\express\lib\router\index.js:284:15
    at Function.process_params (C:\Users\jcbotero\Documents\Emtelco-uniphore coflow\my-express-api\node_modules\express\lib\router\index.js:346:12)
    at next (C:\Users\jcbotero\Documents\Emtelco-uniphore coflow\my-express-api\node_modules\express\lib\router\index.js:280:10)
    at Function.handle (C:\Users\jcbotero\Documents\Emtelco-uniphore coflow\my-express-api\node_modules\express\lib\router\index.js:175:3)
2026-02-12 14:23:00 [error] TypeError: Cannot read properties of undefined (reading 'BA+Movil')
    at getExcelData (C:\Users\jcbotero\Documents\Emtelco-uniphore coflow\my-express-api\src\services\getExcelData.js:22:39)
    at getMatrix (C:\Users\jcbotero\Documents\Emtelco-uniphore coflow\my-express-api\src\controllers\index.js:172:7)
    at Layer.handle [as handle_request] (C:\Users\jcbotero\Documents\Emtelco-uniphore coflow\my-express-api\node_modules\express\lib\router\layer.js:95:5)
    at next (C:\Users\jcbotero\Documents\Emtelco-uniphore coflow\my-express-api\node_modules\express\lib\router\route.js:149:13)
    at Route.dispatch (C:\Users\jcbotero\Documents\Emtelco-uniphore coflow\my-express-api\node_modules\express\lib\router\route.js:119:3)
    at Layer.handle [as handle_request] (C:\Users\jcbotero\Documents\Emtelco-uniphore coflow\my-express-api\node_modules\express\lib\router\layer.js:95:5)
    at C:\Users\jcbotero\Documents\Emtelco-uniphore coflow\my-express-api\node_modules\express\lib\router\index.js:284:15
    at Function.process_params (C:\Users\jcbotero\Documents\Emtelco-uniphore coflow\my-express-api\node_modules\express\lib\router\index.js:346:12)
    at next (C:\Users\jcbotero\Documents\Emtelco-uniphore coflow\my-express-api\node_modules\express\lib\router\index.js:280:10)
    at Function.handle (C:\Users\jcbotero\Documents\Emtelco-uniphore coflow\my-express-api\node_modules\express\lib\router\index.js:175:3)
2026-02-12 14:24:45 [error] TypeError: Cannot read properties of undefined (reading 'BA+Movil')
    at getExcelData (C:\Users\jcbotero\Documents\Emtelco-uniphore coflow\my-express-api\src\services\getExcelData.js:22:39)
    at getMatrix (C:\Users\jcbotero\Documents\Emtelco-uniphore coflow\my-express-api\src\controllers\index.js:172:7)
    at Layer.handle [as handle_request] (C:\Users\jcbotero\Documents\Emtelco-uniphore coflow\my-express-api\node_modules\express\lib\router\layer.js:95:5)
    at next (C:\Users\jcbotero\Documents\Emtelco-uniphore coflow\my-express-api\node_modules\express\lib\router\route.js:149:13)
    at Route.dispatch (C:\Users\jcbotero\Documents\Emtelco-uniphore coflow\my-express-api\node_modules\express\lib\router\route.js:119:3)
    at Layer.handle [as handle_request] (C:\Users\jcbotero\Documents\Emtelco-uniphore coflow\my-express-api\node_modules\express\lib\router\layer.js:95:5)
    at C:\Users\jcbotero\Documents\Emtelco-uniphore coflow\my-express-api\node_modules\express\lib\router\index.js:284:15
    at Function.process_params (C:\Users\jcbotero\Documents\Emtelco-uniphore coflow\my-express-api\node_modules\express\lib\router\index.js:346:12)
    at next (C:\Users\jcbotero\Documents\Emtelco-uniphore coflow\my-express-api\node_modules\express\lib\router\index.js:280:10)
    at Function.handle (C:\Users\jcbotero\Documents\Emtelco-uniphore coflow\my-express-api\node_modules\express\lib\router\index.js:175:3)
2026-02-12 14:25:20 [error] TypeError: Cannot read properties of undefined (reading 'BA+Movil')
    at getExcelData (C:\Users\jcbotero\Documents\Emtelco-uniphore coflow\my-express-api\src\services\getExcelData.js:22:39)
    at getMatrix (C:\Users\jcbotero\Documents\Emtelco-uniphore coflow\my-express-api\src\controllers\index.js:172:7)
    at Layer.handle [as handle_request] (C:\Users\jcbotero\Documents\Emtelco-uniphore coflow\my-express-api\node_modules\express\lib\router\layer.js:95:5)
    at next (C:\Users\jcbotero\Documents\Emtelco-uniphore coflow\my-express-api\node_modules\express\lib\router\route.js:149:13)
    at Route.dispatch (C:\Users\jcbotero\Documents\Emtelco-uniphore coflow\my-express-api\node_modules\express\lib\router\route.js:119:3)
    at Layer.handle [as handle_request] (C:\Users\jcbotero\Documents\Emtelco-uniphore coflow\my-express-api\node_modules\express\lib\router\layer.js:95:5)
    at C:\Users\jcbotero\Documents\Emtelco-uniphore coflow\my-express-api\node_modules\express\lib\router\index.js:284:15
    at Function.process_params (C:\Users\jcbotero\Documents\Emtelco-uniphore coflow\my-express-api\node_modules\express\lib\router\index.js:346:12)
    at next (C:\Users\jcbotero\Documents\Emtelco-uniphore coflow\my-express-api\node_modules\express\lib\router\index.js:280:10)
    at Function.handle (C:\Users\jcbotero\Documents\Emtelco-uniphore coflow\my-express-api\node_modules\express\lib\router\index.js:175:3)
2026-02-12 14:28:11 [error] TypeError: Cannot read properties of undefined (reading 'BA+Movil')
    at getExcelData (C:\Users\jcbotero\Documents\Emtelco-uniphore coflow\my-express-api\src\services\getExcelData.js:22:39)
    at getMatrix (C:\Users\jcbotero\Documents\Emtelco-uniphore coflow\my-express-api\src\controllers\index.js:172:7)
    at Layer.handle [as handle_request] (C:\Users\jcbotero\Documents\Emtelco-uniphore coflow\my-express-api\node_modules\express\lib\router\layer.js:95:5)
    at next (C:\Users\jcbotero\Documents\Emtelco-uniphore coflow\my-express-api\node_modules\express\lib\router\route.js:149:13)
    at Route.dispatch (C:\Users\jcbotero\Documents\Emtelco-uniphore coflow\my-express-api\node_modules\express\lib\router\route.js:119:3)
    at Layer.handle [as handle_request] (C:\Users\jcbotero\Documents\Emtelco-uniphore coflow\my-express-api\node_modules\express\lib\router\layer.js:95:5)
    at C:\Users\jcbotero\Documents\Emtelco-uniphore coflow\my-express-api\node_modules\express\lib\router\index.js:284:15
    at Function.process_params (C:\Users\jcbotero\Documents\Emtelco-uniphore coflow\my-express-api\node_modules\express\lib\router\index.js:346:12)
    at next (C:\Users\jcbotero\Documents\Emtelco-uniphore coflow\my-express-api\node_modules\express\lib\router\index.js:280:10)
    at Function.handle (C:\Users\jcbotero\Documents\Emtelco-uniphore coflow\my-express-api\node_modules\express\lib\router\index.js:175:3)
2026-02-12 14:28:57 [error] TypeError: Cannot read properties of undefined (reading 'BA+Movil')
    at getExcelData (C:\Users\jcbotero\Documents\Emtelco-uniphore coflow\my-express-api\src\services\getExcelData.js:22:39)
    at getMatrix (C:\Users\jcbotero\Documents\Emtelco-uniphore coflow\my-express-api\src\controllers\index.js:172:7)
    at Layer.handle [as handle_request] (C:\Users\jcbotero\Documents\Emtelco-uniphore coflow\my-express-api\node_modules\express\lib\router\layer.js:95:5)
    at next (C:\Users\jcbotero\Documents\Emtelco-uniphore coflow\my-express-api\node_modules\express\lib\router\route.js:149:13)
    at Route.dispatch (C:\Users\jcbotero\Documents\Emtelco-uniphore coflow\my-express-api\node_modules\express\lib\router\route.js:119:3)
    at Layer.handle [as handle_request] (C:\Users\jcbotero\Documents\Emtelco-uniphore coflow\my-express-api\node_modules\express\lib\router\layer.js:95:5)
    at C:\Users\jcbotero\Documents\Emtelco-uniphore coflow\my-express-api\node_modules\express\lib\router\index.js:284:15
    at Function.process_params (C:\Users\jcbotero\Documents\Emtelco-uniphore coflow\my-express-api\node_modules\express\lib\router\index.js:346:12)
    at next (C:\Users\jcbotero\Documents\Emtelco-uniphore coflow\my-express-api\node_modules\express\lib\router\index.js:280:10)
    at Function.handle (C:\Users\jcbotero\Documents\Emtelco-uniphore coflow\my-express-api\node_modules\express\lib\router\index.js:175:3)
2026-02-12 14:29:08 [error] TypeError: Cannot read properties of undefined (reading 'BA+Movil')
    at getExcelData (C:\Users\jcbotero\Documents\Emtelco-uniphore coflow\my-express-api\src\services\getExcelData.js:22:39)
    at getMatrix (C:\Users\jcbotero\Documents\Emtelco-uniphore coflow\my-express-api\src\controllers\index.js:172:7)
    at Layer.handle [as handle_request] (C:\Users\jcbotero\Documents\Emtelco-uniphore coflow\my-express-api\node_modules\express\lib\router\layer.js:95:5)
    at next (C:\Users\jcbotero\Documents\Emtelco-uniphore coflow\my-express-api\node_modules\express\lib\router\route.js:149:13)
    at Route.dispatch (C:\Users\jcbotero\Documents\Emtelco-uniphore coflow\my-express-api\node_modules\express\lib\router\route.js:119:3)
    at Layer.handle [as handle_request] (C:\Users\jcbotero\Documents\Emtelco-uniphore coflow\my-express-api\node_modules\express\lib\router\layer.js:95:5)
    at C:\Users\jcbotero\Documents\Emtelco-uniphore coflow\my-express-api\node_modules\express\lib\router\index.js:284:15
    at Function.process_params (C:\Users\jcbotero\Documents\Emtelco-uniphore coflow\my-express-api\node_modules\express\lib\router\index.js:346:12)
    at next (C:\Users\jcbotero\Documents\Emtelco-uniphore coflow\my-express-api\node_modules\express\lib\router\index.js:280:10)
    at Function.handle (C:\Users\jcbotero\Documents\Emtelco-uniphore coflow\my-express-api\node_modules\express\lib\router\index.js:175:3)
2026-02-12 14:29:31 [error] TypeError: Cannot read properties of undefined (reading 'BA+Movil')
    at getExcelData (C:\Users\jcbotero\Documents\Emtelco-uniphore coflow\my-express-api\src\services\getExcelData.js:22:39)
    at getMatrix (C:\Users\jcbotero\Documents\Emtelco-uniphore coflow\my-express-api\src\controllers\index.js:172:7)
    at Layer.handle [as handle_request] (C:\Users\jcbotero\Documents\Emtelco-uniphore coflow\my-express-api\node_modules\express\lib\router\layer.js:95:5)
    at next (C:\Users\jcbotero\Documents\Emtelco-uniphore coflow\my-express-api\node_modules\express\lib\router\route.js:149:13)
    at Route.dispatch (C:\Users\jcbotero\Documents\Emtelco-uniphore coflow\my-express-api\node_modules\express\lib\router\route.js:119:3)
    at Layer.handle [as handle_request] (C:\Users\jcbotero\Documents\Emtelco-uniphore coflow\my-express-api\node_modules\express\lib\router\layer.js:95:5)
    at C:\Users\jcbotero\Documents\Emtelco-uniphore coflow\my-express-api\node_modules\express\lib\router\index.js:284:15
    at Function.process_params (C:\Users\jcbotero\Documents\Emtelco-uniphore coflow\my-express-api\node_modules\express\lib\router\index.js:346:12)
    at next (C:\Users\jcbotero\Documents\Emtelco-uniphore coflow\my-express-api\node_modules\express\lib\router\index.js:280:10)
    at Function.handle (C:\Users\jcbotero\Documents\Emtelco-uniphore coflow\my-express-api\node_modules\express\lib\router\index.js:175:3)
2026-02-12 14:30:41 [error] TypeError: Cannot read properties of undefined (reading 'BA+Movil')
    at getExcelData (C:\Users\jcbotero\Documents\Emtelco-uniphore coflow\my-express-api\src\services\getExcelData.js:22:39)
    at getMatrix (C:\Users\jcbotero\Documents\Emtelco-uniphore coflow\my-express-api\src\controllers\index.js:172:7)
    at Layer.handle [as handle_request] (C:\Users\jcbotero\Documents\Emtelco-uniphore coflow\my-express-api\node_modules\express\lib\router\layer.js:95:5)
    at next (C:\Users\jcbotero\Documents\Emtelco-uniphore coflow\my-express-api\node_modules\express\lib\router\route.js:149:13)
    at Route.dispatch (C:\Users\jcbotero\Documents\Emtelco-uniphore coflow\my-express-api\node_modules\express\lib\router\route.js:119:3)
    at Layer.handle [as handle_request] (C:\Users\jcbotero\Documents\Emtelco-uniphore coflow\my-express-api\node_modules\express\lib\router\layer.js:95:5)
    at C:\Users\jcbotero\Documents\Emtelco-uniphore coflow\my-express-api\node_modules\express\lib\router\index.js:284:15
    at Function.process_params (C:\Users\jcbotero\Documents\Emtelco-uniphore coflow\my-express-api\node_modules\express\lib\router\index.js:346:12)
    at next (C:\Users\jcbotero\Documents\Emtelco-uniphore coflow\my-express-api\node_modules\express\lib\router\index.js:280:10)
    at Function.handle (C:\Users\jcbotero\Documents\Emtelco-uniphore coflow\my-express-api\node_modules\express\lib\router\index.js:175:3)
2026-02-12 14:31:49 [error] TypeError: Cannot read properties of undefined (reading 'BA+Movil')
    at getExcelData (C:\Users\jcbotero\Documents\Emtelco-uniphore coflow\my-express-api\src\services\getExcelData.js:22:39)
    at getMatrix (C:\Users\jcbotero\Documents\Emtelco-uniphore coflow\my-express-api\src\controllers\index.js:172:7)
    at Layer.handle [as handle_request] (C:\Users\jcbotero\Documents\Emtelco-uniphore coflow\my-express-api\node_modules\express\lib\router\layer.js:95:5)
    at next (C:\Users\jcbotero\Documents\Emtelco-uniphore coflow\my-express-api\node_modules\express\lib\router\route.js:149:13)
    at Route.dispatch (C:\Users\jcbotero\Documents\Emtelco-uniphore coflow\my-express-api\node_modules\express\lib\router\route.js:119:3)
    at Layer.handle [as handle_request] (C:\Users\jcbotero\Documents\Emtelco-uniphore coflow\my-express-api\node_modules\express\lib\router\layer.js:95:5)
    at C:\Users\jcbotero\Documents\Emtelco-uniphore coflow\my-express-api\node_modules\express\lib\router\index.js:284:15
    at Function.process_params (C:\Users\jcbotero\Documents\Emtelco-uniphore coflow\my-express-api\node_modules\express\lib\router\index.js:346:12)
    at next (C:\Users\jcbotero\Documents\Emtelco-uniphore coflow\my-express-api\node_modules\express\lib\router\index.js:280:10)
    at Function.handle (C:\Users\jcbotero\Documents\Emtelco-uniphore coflow\my-express-api\node_modules\express\lib\router\index.js:175:3)
2026-02-12 14:32:08 [error] TypeError: Cannot read properties of undefined (reading 'BA+Movil')
    at getExcelData (C:\Users\jcbotero\Documents\Emtelco-uniphore coflow\my-express-api\src\services\getExcelData.js:22:39)
    at getMatrix (C:\Users\jcbotero\Documents\Emtelco-uniphore coflow\my-express-api\src\controllers\index.js:172:7)
    at Layer.handle [as handle_request] (C:\Users\jcbotero\Documents\Emtelco-uniphore coflow\my-express-api\node_modules\express\lib\router\layer.js:95:5)
    at next (C:\Users\jcbotero\Documents\Emtelco-uniphore coflow\my-express-api\node_modules\express\lib\router\route.js:149:13)
    at Route.dispatch (C:\Users\jcbotero\Documents\Emtelco-uniphore coflow\my-express-api\node_modules\express\lib\router\route.js:119:3)
    at Layer.handle [as handle_request] (C:\Users\jcbotero\Documents\Emtelco-uniphore coflow\my-express-api\node_modules\express\lib\router\layer.js:95:5)
    at C:\Users\jcbotero\Documents\Emtelco-uniphore coflow\my-express-api\node_modules\express\lib\router\index.js:284:15
    at Function.process_params (C:\Users\jcbotero\Documents\Emtelco-uniphore coflow\my-express-api\node_modules\express\lib\router\index.js:346:12)
    at next (C:\Users\jcbotero\Documents\Emtelco-uniphore coflow\my-express-api\node_modules\express\lib\router\index.js:280:10)
    at Function.handle (C:\Users\jcbotero\Documents\Emtelco-uniphore coflow\my-express-api\node_modules\express\lib\router\index.js:175:3)
2026-02-12 14:32:20 [error] TypeError: Cannot read properties of undefined (reading 'BA+Movil')
    at getExcelData (C:\Users\jcbotero\Documents\Emtelco-uniphore coflow\my-express-api\src\services\getExcelData.js:22:39)
    at getMatrix (C:\Users\jcbotero\Documents\Emtelco-uniphore coflow\my-express-api\src\controllers\index.js:172:7)
    at Layer.handle [as handle_request] (C:\Users\jcbotero\Documents\Emtelco-uniphore coflow\my-express-api\node_modules\express\lib\router\layer.js:95:5)
    at next (C:\Users\jcbotero\Documents\Emtelco-uniphore coflow\my-express-api\node_modules\express\lib\router\route.js:149:13)
    at Route.dispatch (C:\Users\jcbotero\Documents\Emtelco-uniphore coflow\my-express-api\node_modules\express\lib\router\route.js:119:3)
    at Layer.handle [as handle_request] (C:\Users\jcbotero\Documents\Emtelco-uniphore coflow\my-express-api\node_modules\express\lib\router\layer.js:95:5)
    at C:\Users\jcbotero\Documents\Emtelco-uniphore coflow\my-express-api\node_modules\express\lib\router\index.js:284:15
    at Function.process_params (C:\Users\jcbotero\Documents\Emtelco-uniphore coflow\my-express-api\node_modules\express\lib\router\index.js:346:12)
    at next (C:\Users\jcbotero\Documents\Emtelco-uniphore coflow\my-express-api\node_modules\express\lib\router\index.js:280:10)
    at Function.handle (C:\Users\jcbotero\Documents\Emtelco-uniphore coflow\my-express-api\node_modules\express\lib\router\index.js:175:3)
2026-02-12 14:33:29 [error] ReferenceError: fullEquipo is not defined
    at getExcelData (C:\Users\jcbotero\Documents\Emtelco-uniphore coflow\my-express-api\src\services\getExcelData.js:21:19)
    at getMatrix (C:\Users\jcbotero\Documents\Emtelco-uniphore coflow\my-express-api\src\controllers\index.js:172:7)
    at Layer.handle [as handle_request] (C:\Users\jcbotero\Documents\Emtelco-uniphore coflow\my-express-api\node_modules\express\lib\router\layer.js:95:5)
    at next (C:\Users\jcbotero\Documents\Emtelco-uniphore coflow\my-express-api\node_modules\express\lib\router\route.js:149:13)
    at Route.dispatch (C:\Users\jcbotero\Documents\Emtelco-uniphore coflow\my-express-api\node_modules\express\lib\router\route.js:119:3)
    at Layer.handle [as handle_request] (C:\Users\jcbotero\Documents\Emtelco-uniphore coflow\my-express-api\node_modules\express\lib\router\layer.js:95:5)
    at C:\Users\jcbotero\Documents\Emtelco-uniphore coflow\my-express-api\node_modules\express\lib\router\index.js:284:15
    at Function.process_params (C:\Users\jcbotero\Documents\Emtelco-uniphore coflow\my-express-api\node_modules\express\lib\router\index.js:346:12)
    at next (C:\Users\jcbotero\Documents\Emtelco-uniphore coflow\my-express-api\node_modules\express\lib\router\index.js:280:10)
    at Function.handle (C:\Users\jcbotero\Documents\Emtelco-uniphore coflow\my-express-api\node_modules\express\lib\router\index.js:175:3)
2026-02-12 14:49:57 [error] ReferenceError: ofertaFull is not defined
    at getExcelData (C:\Users\jcbotero\Documents\Emtelco-uniphore coflow\my-express-api\src\services\getExcelData.js:21:19)
    at getMatrix (C:\Users\jcbotero\Documents\Emtelco-uniphore coflow\my-express-api\src\controllers\index.js:172:7)
    at Layer.handle [as handle_request] (C:\Users\jcbotero\Documents\Emtelco-uniphore coflow\my-express-api\node_modules\express\lib\router\layer.js:95:5)
    at next (C:\Users\jcbotero\Documents\Emtelco-uniphore coflow\my-express-api\node_modules\express\lib\router\route.js:149:13)
    at Route.dispatch (C:\Users\jcbotero\Documents\Emtelco-uniphore coflow\my-express-api\node_modules\express\lib\router\route.js:119:3)
    at Layer.handle [as handle_request] (C:\Users\jcbotero\Documents\Emtelco-uniphore coflow\my-express-api\node_modules\express\lib\router\layer.js:95:5)
    at C:\Users\jcbotero\Documents\Emtelco-uniphore coflow\my-express-api\node_modules\express\lib\router\index.js:284:15
    at Function.process_params (C:\Users\jcbotero\Documents\Emtelco-uniphore coflow\my-express-api\node_modules\express\lib\router\index.js:346:12)
    at next (C:\Users\jcbotero\Documents\Emtelco-uniphore coflow\my-express-api\node_modules\express\lib\router\index.js:280:10)
    at Function.handle (C:\Users\jcbotero\Documents\Emtelco-uniphore coflow\my-express-api\node_modules\express\lib\router\index.js:175:3)
